/home2/resources/binp28/Programs/Genemark/gmes_linux_64/ProtHint/bin/prothint.py:503: SyntaxWarning: invalid escape sequence '\.'
  systemCall('sed \"s/\.//\" ' + args.proteins + ' | sed \"s/|/_/g\" > ' +
error, file not found /usr/local/bin/gmes_petap.pl: HT.genome
/home2/resources/binp28/Programs/Genemark/gmes_linux_64/ProtHint/bin/prothint.py:503: SyntaxWarning: invalid escape sequence '\.'
  systemCall('sed \"s/\.//\" ' + args.proteins + ' | sed \"s/|/_/g\" > ' +
error, file not found /usr/local/bin/gmes_petap.pl: results/cleaned/HT.genome
/home2/resources/binp28/Programs/Genemark/gmes_linux_64/ProtHint/bin/prothint.py:503: SyntaxWarning: invalid escape sequence '\.'
  systemCall('sed \"s/\.//\" ' + args.proteins + ' | sed \"s/|/_/g\" > ' +
Initial	397
Internal	705
Terminal	536
Single	231
Intron:	1482	1652409
Intergenic:	476	904164
Initial	401
Internal	799
Terminal	507
Single	269
Intron:	1535	1492092
Intergenic:	472	948877
Initial	413
Internal	815
Terminal	513
Single	269
Intron:	1556	1509186
Intergenic:	477	947469
Initial	427
Internal	1086
Terminal	545
Single	266
Intron:	1855	1303119
Intergenic:	486	971566
SvsM  0.344444444444444 vs 0.655555555555556
genes in IvsT all and selected: 1289 570
1, -0.856698634671909
2, -1.23364857247205
3, -2.01490302054226
4, -2.53897387105828
5, -3.01343185065339
6, -3.78068700336706
# estimate 1: 0.549262994569434
# estimate 2: 0.556972768750819
# value: 0.556972768750819
IvsT  0.556972768750819 vs 0.443027231249181
Initial	482
Internal	1036
Terminal	585
Single	287
Intron:	1829	1063162
Intergenic:	488	923183
SvsM  0.34017971758665 vs 0.65982028241335
genes in IvsT all and selected: 1310 579
1, -0.777806168791296
2, -1.38456873515242
3, -1.93048567872968
4, -2.51115487586294
5, -3.27026002421468
6, -3.65325227647079
# estimate 1: 0.547328244274809
# estimate 2: 0.554882307771853
# value: 0.554882307771853
IvsT  0.554882307771853 vs 0.445117692228147
Initial	498
Internal	1094
Terminal	600
Single	282
Intron:	1898	1037480
Intergenic:	491	909536
SvsM  0.329753632343651 vs 0.670246367656349
genes in IvsT all and selected: 1388 593
1, -0.779392332701728
2, -1.42234976873782
3, -2.0157465465307
4, -2.34214313116318
5, -3.16631857412952
6, -3.55198105494151
# estimate 1: 0.560518731988473
# estimate 2: 0.574133827809928
# value: 0.574133827809928
IvsT  0.574133827809928 vs 0.425866172190072
Initial	508
Internal	1200
Terminal	606
Single	276
Intron:	2012	1049873
Intergenic:	492	907107
SvsM  0.321361058601134 vs 0.678638941398866
genes in IvsT all and selected: 1502 617
1, -0.856524520144291
2, -1.40098850305911
3, -1.98221776741507
4, -2.31399515973208
5, -3.05757319391891
6, -3.53449726600922
7, -4.12228393091134
# estimate 1: 0.580559254327563
# estimate 2: 0.582339406805266
# value: 0.582339406805266
IvsT  0.582339406805266 vs 0.417660593194734
